<?xml version="1.0" encoding="UTF-8"?>
<!-- Generated by org.testng.reporters.JUnitReportReporter -->
<testsuite hostname="INLM50931632A.ariba.com" name="com.vin.vinapi.WeatherTests" tests="1" failures="0" timestamp="27 Jan 2017 13:30:13 GMT" time="1.854" errors="0">
  <testcase name="testWeather" time="1.854" classname="com.vin.vinapi.WeatherTests"/>
</testsuite> <!-- com.vin.vinapi.WeatherTests -->
