<?xml version="1.0" encoding="UTF-8"?>
<!-- Generated by org.testng.reporters.JUnitReportReporter -->
<testsuite hostname="INLM50931632A.ariba.com" name="com.vin.vinapi.PostsTests" tests="2" failures="0" timestamp="27 Jan 2017 14:54:11 GMT" time="1.191" errors="0">
  <testcase name="getAllPosts" time="1.038" classname="com.vin.vinapi.PostsTests"/>
  <testcase name="getPostById" time="0.153" classname="com.vin.vinapi.PostsTests"/>
</testsuite> <!-- com.vin.vinapi.PostsTests -->
