<?xml version="1.0" encoding="UTF-8"?>
<!-- Generated by org.testng.reporters.JUnitReportReporter -->
<testsuite hostname="INLM50931632A.ariba.com" name="com.vin.vinapi.UserTests" tests="2" failures="0" timestamp="30 Jan 2017 08:32:28 GMT" time="0.862" errors="0">
  <testcase name="getAllUsers" time="0.743" classname="com.vin.vinapi.UserTests"/>
  <testcase name="getUserById" time="0.119" classname="com.vin.vinapi.UserTests"/>
</testsuite> <!-- com.vin.vinapi.UserTests -->
