<?xml version="1.0" encoding="UTF-8"?>
<!-- Generated by org.testng.reporters.JUnitReportReporter -->
<testsuite hostname="INLM50931632A.ariba.com" name="com.vin.vinapi.Tests1" tests="3" failures="0" timestamp="30 Jan 2017 07:16:22 GMT" time="0.006" errors="0">
  <testcase name="test3" time="0.000" classname="com.vin.vinapi.Tests1"/>
  <testcase name="test2" time="0.001" classname="com.vin.vinapi.Tests1"/>
  <testcase name="test1" time="0.005" classname="com.vin.vinapi.Tests1"/>
</testsuite> <!-- com.vin.vinapi.Tests1 -->
